#! /c/Source/iverilog-install/bin/vvp
:ivl_version "12.0 (devel)" "(s20150603-1539-g2693dd32b)";
:ivl_delay_selection "TYPICAL";
:vpi_time_precision - 12;
:vpi_module "C:\iverilog\lib\ivl\system.vpi";
:vpi_module "C:\iverilog\lib\ivl\vhdl_sys.vpi";
:vpi_module "C:\iverilog\lib\ivl\vhdl_textio.vpi";
:vpi_module "C:\iverilog\lib\ivl\v2005_math.vpi";
:vpi_module "C:\iverilog\lib\ivl\va_math.vpi";
S_000001815022bb30 .scope module, "demux4_1_tb" "demux4_1_tb" 2 2;
 .timescale -9 -12;
v000001815022bcc0_0 .var "d_in", 0 0;
v000001815022bd60_0 .var "sel", 1 0;
v00000181502649b0_0 .net "y_out", 3 0, v0000018150242ee0_0;  1 drivers
S_0000018150264820 .scope module, "uut" "demux1to4" 2 6, 3 1 0, S_000001815022bb30;
 .timescale 0 0;
    .port_info 0 /INPUT 1 "d_in";
    .port_info 1 /INPUT 2 "sel";
    .port_info 2 /OUTPUT 4 "y_out";
v000001815022b8e0_0 .net "d_in", 0 0, v000001815022bcc0_0;  1 drivers
v0000018150242b70_0 .net "sel", 1 0, v000001815022bd60_0;  1 drivers
v0000018150242ee0_0 .var "y_out", 3 0;
E_000001815022a1b0 .event anyedge, v0000018150242b70_0, v000001815022b8e0_0;
    .scope S_0000018150264820;
T_0 ;
    %wait E_000001815022a1b0;
    %pushi/vec4 0, 0, 4;
    %store/vec4 v0000018150242ee0_0, 0, 4;
    %load/vec4 v0000018150242b70_0;
    %dup/vec4;
    %pushi/vec4 0, 0, 2;
    %cmp/u;
    %jmp/1 T_0.0, 6;
    %dup/vec4;
    %pushi/vec4 1, 0, 2;
    %cmp/u;
    %jmp/1 T_0.1, 6;
    %dup/vec4;
    %pushi/vec4 2, 0, 2;
    %cmp/u;
    %jmp/1 T_0.2, 6;
    %dup/vec4;
    %pushi/vec4 3, 0, 2;
    %cmp/u;
    %jmp/1 T_0.3, 6;
    %jmp T_0.4;
T_0.0 ;
    %load/vec4 v000001815022b8e0_0;
    %ix/load 4, 0, 0;
    %flag_set/imm 4, 0;
    %store/vec4 v0000018150242ee0_0, 4, 1;
    %jmp T_0.4;
T_0.1 ;
    %load/vec4 v000001815022b8e0_0;
    %ix/load 4, 1, 0;
    %flag_set/imm 4, 0;
    %store/vec4 v0000018150242ee0_0, 4, 1;
    %jmp T_0.4;
T_0.2 ;
    %load/vec4 v000001815022b8e0_0;
    %ix/load 4, 2, 0;
    %flag_set/imm 4, 0;
    %store/vec4 v0000018150242ee0_0, 4, 1;
    %jmp T_0.4;
T_0.3 ;
    %load/vec4 v000001815022b8e0_0;
    %ix/load 4, 3, 0;
    %flag_set/imm 4, 0;
    %store/vec4 v0000018150242ee0_0, 4, 1;
    %jmp T_0.4;
T_0.4 ;
    %pop/vec4 1;
    %jmp T_0;
    .thread T_0, $push;
    .scope S_000001815022bb30;
T_1 ;
    %vpi_call 2 11 "$dumpfile", "demux_sim.vcd" {0 0 0};
    %vpi_call 2 12 "$dumpvars", 32'sb00000000000000000000000000000000, S_000001815022bb30 {0 0 0};
    %pushi/vec4 1, 0, 1;
    %store/vec4 v000001815022bcc0_0, 0, 1;
    %vpi_call 2 14 "$display", "Running Test Case for d_in=%b", v000001815022bcc0_0 {0 0 0};
    %pushi/vec4 0, 0, 2;
    %store/vec4 v000001815022bd60_0, 0, 2;
    %delay 10000, 0;
    %vpi_call 2 17 "$display", "d_in=%b sel=%b => y_out=%b", v000001815022bcc0_0, v000001815022bd60_0, v00000181502649b0_0 {0 0 0};
    %pushi/vec4 1, 0, 2;
    %store/vec4 v000001815022bd60_0, 0, 2;
    %delay 10000, 0;
    %vpi_call 2 20 "$display", "d_in=%b sel=%b => y_out=%b", v000001815022bcc0_0, v000001815022bd60_0, v00000181502649b0_0 {0 0 0};
    %pushi/vec4 2, 0, 2;
    %store/vec4 v000001815022bd60_0, 0, 2;
    %delay 10000, 0;
    %vpi_call 2 23 "$display", "d_in=%b sel=%b => y_out=%b", v000001815022bcc0_0, v000001815022bd60_0, v00000181502649b0_0 {0 0 0};
    %pushi/vec4 3, 0, 2;
    %store/vec4 v000001815022bd60_0, 0, 2;
    %delay 10000, 0;
    %vpi_call 2 26 "$display", "d_in=%b sel=%b => y_out=%b", v000001815022bcc0_0, v000001815022bd60_0, v00000181502649b0_0 {0 0 0};
    %vpi_call 2 27 "$finish" {0 0 0};
    %end;
    .thread T_1;
# The file index is used to find the file name in the following table.
:file_names 4;
    "N/A";
    "<interactive>";
    "demux4_1_tb.v";
    "demux4_1.v";
