#! /c/Source/iverilog-install/bin/vvp
:ivl_version "12.0 (devel)" "(s20150603-1539-g2693dd32b)";
:ivl_delay_selection "TYPICAL";
:vpi_time_precision - 12;
:vpi_module "C:\iverilog\lib\ivl\system.vpi";
:vpi_module "C:\iverilog\lib\ivl\vhdl_sys.vpi";
:vpi_module "C:\iverilog\lib\ivl\vhdl_textio.vpi";
:vpi_module "C:\iverilog\lib\ivl\v2005_math.vpi";
:vpi_module "C:\iverilog\lib\ivl\va_math.vpi";
S_0000013479d78c40 .scope module, "mux4_1_tb" "mux4_1_tb" 2 2;
 .timescale -9 -12;
v0000013479d7bb40_0 .var "in", 3 0;
v0000013479d7bbe0_0 .var "sel", 1 0;
v0000013479d7bc80_0 .net "y", 1 0, v0000013479d7baa0_0;  1 drivers
S_0000013479d78dd0 .scope module, "uut" "mux4_1" 2 6, 3 1 0, S_0000013479d78c40;
 .timescale 0 0;
    .port_info 0 /INPUT 4 "in";
    .port_info 1 /INPUT 2 "sel";
    .port_info 2 /OUTPUT 2 "y";
v0000013479d92cc0_0 .net "in", 3 0, v0000013479d7bb40_0;  1 drivers
v0000013479d93030_0 .net "sel", 1 0, v0000013479d7bbe0_0;  1 drivers
v0000013479d7baa0_0 .var "y", 1 0;
E_0000013479db5170 .event anyedge, v0000013479d93030_0, v0000013479d92cc0_0;
    .scope S_0000013479d78dd0;
T_0 ;
    %wait E_0000013479db5170;
    %load/vec4 v0000013479d93030_0;
    %dup/vec4;
    %pushi/vec4 0, 0, 2;
    %cmp/u;
    %jmp/1 T_0.0, 6;
    %dup/vec4;
    %pushi/vec4 1, 0, 2;
    %cmp/u;
    %jmp/1 T_0.1, 6;
    %dup/vec4;
    %pushi/vec4 2, 0, 2;
    %cmp/u;
    %jmp/1 T_0.2, 6;
    %dup/vec4;
    %pushi/vec4 3, 0, 2;
    %cmp/u;
    %jmp/1 T_0.3, 6;
    %pushi/vec4 0, 0, 2;
    %store/vec4 v0000013479d7baa0_0, 0, 2;
    %jmp T_0.5;
T_0.0 ;
    %load/vec4 v0000013479d92cc0_0;
    %parti/s 1, 0, 2;
    %pad/u 2;
    %store/vec4 v0000013479d7baa0_0, 0, 2;
    %jmp T_0.5;
T_0.1 ;
    %load/vec4 v0000013479d92cc0_0;
    %parti/s 1, 1, 2;
    %pad/u 2;
    %store/vec4 v0000013479d7baa0_0, 0, 2;
    %jmp T_0.5;
T_0.2 ;
    %load/vec4 v0000013479d92cc0_0;
    %parti/s 1, 2, 3;
    %pad/u 2;
    %store/vec4 v0000013479d7baa0_0, 0, 2;
    %jmp T_0.5;
T_0.3 ;
    %load/vec4 v0000013479d92cc0_0;
    %parti/s 1, 3, 3;
    %pad/u 2;
    %store/vec4 v0000013479d7baa0_0, 0, 2;
    %jmp T_0.5;
T_0.5 ;
    %pop/vec4 1;
    %jmp T_0;
    .thread T_0, $push;
    .scope S_0000013479d78c40;
T_1 ;
    %vpi_call 2 11 "$dumpfile", "mux_sim.vcd" {0 0 0};
    %vpi_call 2 12 "$dumpvars", 32'sb00000000000000000000000000000000, S_0000013479d78c40 {0 0 0};
    %vpi_call 2 15 "$display", "Running Test Case for in=%b", v0000013479d7bb40_0 {0 0 0};
    %pushi/vec4 10, 0, 4;
    %store/vec4 v0000013479d7bb40_0, 0, 4;
    %pushi/vec4 0, 0, 2;
    %store/vec4 v0000013479d7bbe0_0, 0, 2;
    %delay 10000, 0;
    %vpi_call 2 18 "$display", "in=%b sel=%b => y=%b", v0000013479d7bb40_0, v0000013479d7bbe0_0, v0000013479d7bc80_0 {0 0 0};
    %pushi/vec4 10, 0, 4;
    %store/vec4 v0000013479d7bb40_0, 0, 4;
    %pushi/vec4 1, 0, 2;
    %store/vec4 v0000013479d7bbe0_0, 0, 2;
    %delay 10000, 0;
    %vpi_call 2 22 "$display", "in=%b sel=%b => y=%b", v0000013479d7bb40_0, v0000013479d7bbe0_0, v0000013479d7bc80_0 {0 0 0};
    %pushi/vec4 10, 0, 4;
    %store/vec4 v0000013479d7bb40_0, 0, 4;
    %pushi/vec4 2, 0, 2;
    %store/vec4 v0000013479d7bbe0_0, 0, 2;
    %delay 10000, 0;
    %vpi_call 2 26 "$display", "in=%b sel=%b => y=%b", v0000013479d7bb40_0, v0000013479d7bbe0_0, v0000013479d7bc80_0 {0 0 0};
    %pushi/vec4 10, 0, 4;
    %store/vec4 v0000013479d7bb40_0, 0, 4;
    %pushi/vec4 3, 0, 2;
    %store/vec4 v0000013479d7bbe0_0, 0, 2;
    %delay 10000, 0;
    %vpi_call 2 30 "$display", "in=%b sel=%b => y=%b", v0000013479d7bb40_0, v0000013479d7bbe0_0, v0000013479d7bc80_0 {0 0 0};
    %pushi/vec4 15, 0, 4;
    %store/vec4 v0000013479d7bb40_0, 0, 4;
    %pushi/vec4 2, 0, 2;
    %store/vec4 v0000013479d7bbe0_0, 0, 2;
    %delay 10000, 0;
    %vpi_call 2 34 "$display", "in=%b sel=%b => y=%b", v0000013479d7bb40_0, v0000013479d7bbe0_0, v0000013479d7bc80_0 {0 0 0};
    %pushi/vec4 0, 0, 4;
    %store/vec4 v0000013479d7bb40_0, 0, 4;
    %pushi/vec4 1, 0, 2;
    %store/vec4 v0000013479d7bbe0_0, 0, 2;
    %delay 10000, 0;
    %vpi_call 2 38 "$display", "in=%b sel=%b => y=%b", v0000013479d7bb40_0, v0000013479d7bbe0_0, v0000013479d7bc80_0 {0 0 0};
    %vpi_call 2 40 "$finish" {0 0 0};
    %end;
    .thread T_1;
# The file index is used to find the file name in the following table.
:file_names 4;
    "N/A";
    "<interactive>";
    "mux4_1_tb.v";
    "mux4_1.v";
